<?xml version="1.0" encoding="UTF-8"?>
<testng-results ignored="0" total="1" passed="1" failed="0" skipped="0">
  <reporter-output>
  </reporter-output>
  <suite started-at="2023-10-30T19:09:56 IST" name="Default suite" finished-at="2023-10-30T19:16:25 IST" duration-ms="388945">
    <groups>
    </groups>
    <test started-at="2023-10-30T19:09:56 IST" name="Default test" finished-at="2023-10-30T19:16:25 IST" duration-ms="388945">
      <class name="testpkg.Storenvytest">
        <test-method is-config="true" signature="setup()[pri:0, instance:testpkg.Storenvytest@6aeb35e6]" started-at="2023-10-30T19:09:56 IST" name="setup" finished-at="2023-10-30T19:10:01 IST" duration-ms="4684" status="PASS">
          <reporter-output>
          </reporter-output>
        </test-method> <!-- setup -->
        <test-method is-config="true" signature="urlload()[pri:0, instance:testpkg.Storenvytest@6aeb35e6]" started-at="2023-10-30T19:10:01 IST" name="urlload" finished-at="2023-10-30T19:10:43 IST" duration-ms="41681" status="PASS">
          <reporter-output>
          </reporter-output>
        </test-method> <!-- urlload -->
        <test-method signature="ctest()[pri:0, instance:testpkg.Storenvytest@6aeb35e6]" started-at="2023-10-30T19:10:43 IST" name="ctest" finished-at="2023-10-30T19:16:25 IST" duration-ms="342473" status="PASS">
          <reporter-output>
          </reporter-output>
        </test-method> <!-- ctest -->
      </class> <!-- testpkg.Storenvytest -->
    </test> <!-- Default test -->
  </suite> <!-- Default suite -->
</testng-results>
